slasm-0.13.6 beta               C:\Users\15247\Desktop\xj\FUN\obj\XC8P9521-PWM-1.asm5-2-2024  21:49:14           PAGE  1


               00001 ;--------------------------------------------------------
               00002 ; File Created by SLCC : free open source ANSI-C Compiler
               00003 ; Version 3.6.0 #Jan 29 2024 (MSVC)
               00004 ;--------------------------------------------------------
               00005 ; SL port for the RISC core
               00006 ;--------------------------------------------------------
               00007 ;       .file   "C:\USERS\15247\DESKTOP\XJ\FUN\XC8P9521-PWM-1.C"
               00008         list    p=XC8P9521
               00009         radix dec
               00010         include "XC8P9521.inc"
               00001         LIST                                                                  
               00002 ; XC8P9521.INC  Standard Header File, Version 1.00
               00083         LIST
               00011 ;--------------------------------------------------------
               00012 ; external declarations
               00013 ;--------------------------------------------------------
               00014         extern  _delayUs
               00015         extern  _delayMs
               00016         extern  __moduint
               00017         extern  _IARbits
               00018         extern  _TCCbits
               00019         extern  _PCLbits
               00020         extern  _STATUSbits
               00021         extern  _RSRbits
               00022         extern  _PORT5bits
               00023         extern  _PORT6bits
               00024         extern  _LVDCONbits
               00025         extern  _PWMCONbits
               00026         extern  _PRDbits
               00027         extern  _PDC1bits
               00028         extern  _PDC2bits
               00029         extern  _PDC3bits
               00030         extern  _ICIECRbits
               00031         extern  _CPUCONbits
               00032         extern  _ISRbits
               00033         extern  _IAR
               00034         extern  _TCC
               00035         extern  _PCL
               00036         extern  _STATUS
               00037         extern  _RSR
               00038         extern  _PORT5
               00039         extern  _PORT6
               00040         extern  _LVDCON
               00041         extern  _PWMCON
               00042         extern  _PRD
               00043         extern  _PDC1
               00044         extern  _PDC2
               00045         extern  _PDC3
               00046         extern  _ICIECR
               00047         extern  _CPUCON
               00048         extern  _ISR
               00049 ;--------------------------------------------------------
               00050 ; global declarations
               00051 ;--------------------------------------------------------
               00052         global  _output_process
               00053         global  _rgb_process
               00054         global  _key_process
               00055         global  _shake_process
               00056         global  _beep_process
               00057         global  _file_clrRam
               00058         global  _file_init
               00059         global  _file_project_init
               00060         global  _int_isr
               00061         global  _main
               00062         global  _A_BUFF
               00063         global  _R3_BUFF
               00064         global  _pwrkey_delay
               00065         global  _ledkey_delay
               00066         global  _beep_delay
               00067         global  _shake_flag
               00068         global  _beep_mode
               00069         global  _beep_cnt
               00070         global  _led_mode
               00071         global  _led_switch
               00072         global  _mode_switch
               00073         global  _color_pwm_duty
               00074         global  _once_pwm_duty
               00075         global  _cir_mode
               00076         global  _led_cnt
               00077         global  _fun_delay
               00078         global  _cold_delay
               00079 
               00080         global STK06
               00081         global STK05
               00082         global STK04
               00083         global STK03
               00084         global STK02
               00085         global STK01
               00086         global STK00
               00087 
               00088 sharebank udata_ovr 0x0020
               00089 STK06   res 1
               00090 STK05   res 1
               00091 STK04   res 1
               00092 STK03   res 1
               00093 STK02   res 1
               00094 STK01   res 1
               00095 STK00   res 1
               00096 
               00097 ;--------------------------------------------------------
               00098 ; global definitions
               00099 ;--------------------------------------------------------
               00100 ;--------------------------------------------------------
               00101 ; absolute symbol definitions
               00102 ;--------------------------------------------------------
               00103 UD_abs_XC8P9521_PWM_1_10        udata_ovr       0x0010
               00104 _A_BUFF
               00105         res     1
               00106 UD_abs_XC8P9521_PWM_1_11        udata_ovr       0x0011
               00107 _R3_BUFF
               00108         res     1
               00109 ;--------------------------------------------------------
               00110 ; compiler-defined variables
               00111 ;--------------------------------------------------------
               00112 UDL_XC8P9521_PWM_1_0    udata
               00113 r0x1013 res     1
               00114 r0x1014 res     1
               00115 r0x1015 res     1
               00116 ;--------------------------------------------------------
               00117 ; initialized data
               00118 ;--------------------------------------------------------
               00119 
               00120 ID_XC8P9521_PWM_1_0     idata
               00121 _pwrkey_delay
0000 3F82      00122         add 0x02,a
               00123         db      0x00, 0x00
               00124 
               00125 
               00126 ID_XC8P9521_PWM_1_1     idata
               00127 _ledkey_delay
0000 3F82      00128         add 0x02,a
               00129         db      0x00, 0x00
               00130 
               00131 
               00132 ID_XC8P9521_PWM_1_2     idata
               00133 _beep_delay
0000 3F82      00134         add 0x02,a
               00135         db      0x00, 0x00
               00136 
               00137 
               00138 ID_XC8P9521_PWM_1_3     idata
               00139 _shake_flag
0000 3F82      00140         add 0x02,a
               00141         db      0x00
               00142 
               00143 
               00144 ID_XC8P9521_PWM_1_4     idata
               00145 _beep_mode
0000 3F82      00146         add 0x02,a
               00147         db      0x00
               00148 
               00149 
               00150 ID_XC8P9521_PWM_1_5     idata
               00151 _beep_cnt
0000 3F82      00152         add 0x02,a
               00153         db      0x00
               00154 
               00155 
               00156 ID_XC8P9521_PWM_1_6     idata
               00157 _led_mode
0000 3F82      00158         add 0x02,a
               00159         db      0x01
               00160 
               00161 
               00162 ID_XC8P9521_PWM_1_7     idata
               00163 _led_switch
0000 3F82      00164         add 0x02,a
               00165         db      0x01
               00166 
               00167 
               00168 ID_XC8P9521_PWM_1_8     idata
               00169 _mode_switch
0000 3F82      00170         add 0x02,a
               00171         db      0x00
               00172 
               00173 
               00174 ID_XC8P9521_PWM_1_9     idata
               00175 _color_pwm_duty
0000 3F82      00176         add 0x02,a
               00177         db      0x00
               00178 
               00179 
               00180 ID_XC8P9521_PWM_1_10    idata
               00181 _once_pwm_duty
0000 3F82      00182         add 0x02,a
               00183         db      0x00
               00184 
               00185 
               00186 ID_XC8P9521_PWM_1_11    idata
               00187 _cir_mode
0000 3F82      00188         add 0x02,a
               00189         db      0x00
               00190 
               00191 
               00192 ID_XC8P9521_PWM_1_12    idata
               00193 _led_cnt
0000 3F82      00194         add 0x02,a
               00195         db      0x00
               00196 
               00197 
               00198 ID_XC8P9521_PWM_1_13    idata
               00199 _fun_delay
0000 3F82      00200         add 0x02,a
               00201         db      0x00, 0x00
               00202 
               00203 
               00204 ID_XC8P9521_PWM_1_14    idata
               00205 _cold_delay
0000 3F82      00206         add 0x02,a
               00207         db      0x00, 0x00
               00208 
               00209 
               00210 ;@Allocation info for local variables in function 'file_clrRam'
               00211 ;@file_clrRam delayUs                   Allocated to registers ;size:2
               00212 ;@file_clrRam delayMs                   Allocated to registers ;size:2
               00213 ;@file_clrRam key_process               Allocated to registers ;size:2
               00214 ;@file_clrRam rgb_process               Allocated to registers ;size:2
               00215 ;@file_clrRam output_process            Allocated to registers ;size:2
               00216 ;@file_clrRam beep_process              Allocated to registers ;size:2
               00217 ;@file_clrRam shake_process             Allocated to registers ;size:2
               00218 ;@file_clrRam file_clrRam               Allocated to registers ;size:2
               00219 ;@file_clrRam IARbits                   Allocated to registers ;size:1
               00220 ;@file_clrRam TCCbits                   Allocated to registers ;size:1
               00221 ;@file_clrRam PCLbits                   Allocated to registers ;size:1
               00222 ;@file_clrRam STATUSbits                Allocated to registers ;size:1
               00223 ;@file_clrRam RSRbits                   Allocated to registers ;size:1
               00224 ;@file_clrRam PORT5bits                 Allocated to registers ;size:1
               00225 ;@file_clrRam PORT6bits                 Allocated to registers ;size:1
               00226 ;@file_clrRam LVDCONbits                Allocated to registers ;size:1
               00227 ;@file_clrRam PWMCONbits                Allocated to registers ;size:1
               00228 ;@file_clrRam PRDbits                   Allocated to registers ;size:1
               00229 ;@file_clrRam PDC1bits                  Allocated to registers ;size:1
               00230 ;@file_clrRam PDC2bits                  Allocated to registers ;size:1
               00231 ;@file_clrRam PDC3bits                  Allocated to registers ;size:1
               00232 ;@file_clrRam ICIECRbits                Allocated to registers ;size:1
               00233 ;@file_clrRam CPUCONbits                Allocated to registers ;size:1
               00234 ;@file_clrRam ISRbits                   Allocated to registers ;size:1
               00235 ;@file_clrRam A_BUFF                    Allocated to registers ;size:1
               00236 ;@file_clrRam R3_BUFF                   Allocated to registers ;size:1
               00237 ;@file_clrRam pwrkey_delay              Allocated to registers ;size:2
               00238 ;@file_clrRam ledkey_delay              Allocated to registers ;size:2
               00239 ;@file_clrRam beep_delay                Allocated to registers ;size:2
               00240 ;@file_clrRam shake_flag                Allocated to registers ;size:1
               00241 ;@file_clrRam beep_mode                 Allocated to registers ;size:1
               00242 ;@file_clrRam beep_cnt                  Allocated to registers ;size:1
               00243 ;@file_clrRam led_mode                  Allocated to registers ;size:1
               00244 ;@file_clrRam led_switch                Allocated to registers ;size:1
               00245 ;@file_clrRam mode_switch               Allocated to registers ;size:1
               00246 ;@file_clrRam color_pwm_duty            Allocated to registers ;size:1
               00247 ;@file_clrRam once_pwm_duty             Allocated to registers ;size:1
               00248 ;@file_clrRam cir_mode                  Allocated to registers ;size:1
               00249 ;@file_clrRam led_cnt                   Allocated to registers ;size:1
               00250 ;@file_clrRam IAR                       Allocated to registers ;size:1
               00251 ;@file_clrRam TCC                       Allocated to registers ;size:1
               00252 ;@file_clrRam PCL                       Allocated to registers ;size:1
               00253 ;@file_clrRam STATUS                    Allocated to registers ;size:1
               00254 ;@file_clrRam RSR                       Allocated to registers ;size:1
               00255 ;@file_clrRam PORT5                     Allocated to registers ;size:1
               00256 ;@file_clrRam PORT6                     Allocated to registers ;size:1
               00257 ;@file_clrRam LVDCON                    Allocated to registers ;size:1
               00258 ;@file_clrRam PWMCON                    Allocated to registers ;size:1
               00259 ;@file_clrRam PRD                       Allocated to registers ;size:1
               00260 ;@file_clrRam PDC1                      Allocated to registers ;size:1
               00261 ;@file_clrRam PDC2                      Allocated to registers ;size:1
               00262 ;@file_clrRam PDC3                      Allocated to registers ;size:1
               00263 ;@file_clrRam ICIECR                    Allocated to registers ;size:1
               00264 ;@file_clrRam CPUCON                    Allocated to registers ;size:1
               00265 ;@file_clrRam ISR                       Allocated to registers ;size:1
               00266 ;@end Allocation info for local variables in function 'file_clrRam';
               00267 
               00268 ;--------------------------------------------------------
               00269 ; overlayable items in internal ram 
               00270 ;--------------------------------------------------------
               00271 ;       udata_ovr
               00272 ;--------------------------------------------------------
               00273 ; reset vector 
               00274 ;--------------------------------------------------------
               00275 STARTUP code 0x0000
0000 1000      00276         jmp     _main
               00277 ;--------------------------------------------------------
               00278 ; interrupt and initialization code
               00279 ;--------------------------------------------------------
               00280 c_interrupt     code    0x0003
0003           00281 __sdcc_interrupt:
               00282 ;***
               00283 ;  pBlock Stats: dbName = I
               00284 ;***
               00285 ;; Starting pCode block
0003           00286 _int_isr:       ;Function start
               00287 ; 0 exit points
               00288 ;       .line   138; C:\USERS\15247\DESKTOP\XJ\FUN\XC8P9521-PWM-1.C     __asm__("org 0x08");                    //中断入口地址                  
               00289         org     0x08
               00290 ;       .line   139; C:\USERS\15247\DESKTOP\XJ\FUN\XC8P9521-PWM-1.C     PUSH(_A_BUFF,_R3_BUFF);                 //中断入栈保护
0008 3880      00291         mov     _A_BUFF,a
0009 3680      00292         swap    _A_BUFF
000A 3603      00293         swapa   STATUS
000B 3880      00294         mov     _R3_BUFF,a
               00295 ;       .line   141; C:\USERS\15247\DESKTOP\XJ\FUN\XC8P9521-PWM-1.C     if(TCIF)                                        //判断TCIF是否为1
000C 2400      00296         JBTS    _ISRbits,0
000D 1000      00297         JMP     _00121_DS_
               00298 ;       .line   143; C:\USERS\15247\DESKTOP\XJ\FUN\XC8P9521-PWM-1.C     TCC       += 6;                 //1/2 * 8 * (256-6) = 1000us    公式：1/IRC频率 * 预分频 * （256-初值）
000E 0806      00299         MOV     A,@0x06
000F 3F80      00300         ADD     _TCC,A
               00301 ;       .line   144; C:\USERS\15247\DESKTOP\XJ\FUN\XC8P9521-PWM-1.C     ISR    = 0xfe;                          //清TC0中断标志位
0010 08FE      00302         MOV     A,@0xfe
0011 3880      00303         MOV     _ISR,A
0012           00304 _00121_DS_:
               00305 ;       .line   147; C:\USERS\15247\DESKTOP\XJ\FUN\XC8P9521-PWM-1.C     if(T1IF)                                        //判断T1IF是否为1,pwm周期中断
0012 2580      00306         JBTS    _ISRbits,3
0013 1000      00307         JMP     _00123_DS_
               00308 ;       .line   149; C:\USERS\15247\DESKTOP\XJ\FUN\XC8P9521-PWM-1.C     ISR    = 0xf7;                          //ISR的bit3:T1IF清零
0014 08F7      00309         MOV     A,@0xf7
0015 3880      00310         MOV     _ISR,A
0016           00311 _00123_DS_:
               00312 ;       .line   152; C:\USERS\15247\DESKTOP\XJ\FUN\XC8P9521-PWM-1.C     POP(_A_BUFF,_R3_BUFF);                  //中断出栈保护恢复
0016 3600      00313         swapa   _R3_BUFF
0017 3883      00314         mov     STATUS,a
0018 3600      00315         swapa   _A_BUFF
               00316 ;       .line   153; C:\USERS\15247\DESKTOP\XJ\FUN\XC8P9521-PWM-1.C     }
0019           00317 END_OF_INTERRUPT:
0019 3823      00318         RETI    
               00319 
               00320 ;--------------------------------------------------------
               00321 ; code
               00322 ;--------------------------------------------------------
               00323 code_XC8P9521_PWM_1     code
               00324 ;***
               00325 ;  pBlock Stats: dbName = M
               00326 ;***
               00327 ;has an exit
               00328 ;functions called:
               00329 ;   _file_clrRam
               00330 ;   _file_init
               00331 ;   _file_project_init
               00332 ;   _key_process
               00333 ;   _shake_process
               00334 ;   _beep_process
               00335 ;   _output_process
               00336 ;   _rgb_process
               00337 ;   _file_clrRam
               00338 ;   _file_init
               00339 ;   _file_project_init
               00340 ;   _key_process
               00341 ;   _shake_process
               00342 ;   _beep_process
               00343 ;   _output_process
               00344 ;   _rgb_process
               00345 ;2 compiler assigned registers:
               00346 ;   r0x1015
               00347 ;   r0x1016
               00348 ;; Starting pCode block
               00349 S_XC8P9521_PWM_1__main  code
0000           00350 _main:  ;Function start
               00351 ; 2 exit points
               00352 ;       .line   423; C:\USERS\15247\DESKTOP\XJ\FUN\XC8P9521-PWM-1.C     file_clrRam();                                  //清RAM
0000 1800      00353         CALL    _file_clrRam
               00354 ;       .line   424; C:\USERS\15247\DESKTOP\XJ\FUN\XC8P9521-PWM-1.C     file_init();                                    //io寄存器初始化
0001 1800      00355         CALL    _file_init
               00356 ;       .line   425; C:\USERS\15247\DESKTOP\XJ\FUN\XC8P9521-PWM-1.C     file_project_init();                    //程序所需功能设置
0002 1800      00357         CALL    _file_project_init
               00358 ;       .line   426; C:\USERS\15247\DESKTOP\XJ\FUN\XC8P9521-PWM-1.C     EI();                                                   //打开总中断
0003 3820      00359         ei      
0004           00360 _00366_DS_:
               00361 ;       .line   431; C:\USERS\15247\DESKTOP\XJ\FUN\XC8P9521-PWM-1.C     if( 0 == LIMIT_PORT() )
0004 2180      00362         JBTC    _PORT5bits,3
0005 1000      00363         JMP     _00363_DS_
               00364 ;       .line   433; C:\USERS\15247\DESKTOP\XJ\FUN\XC8P9521-PWM-1.C     FUN_PORT() = 0;
0006 2B00      00365         BTC     _PORT6bits,6
               00366 ;       .line   434; C:\USERS\15247\DESKTOP\XJ\FUN\XC8P9521-PWM-1.C     COLD_PORT() = 0;
0007 2B80      00367         BTC     _PORT6bits,7
               00368 ;       .line   435; C:\USERS\15247\DESKTOP\XJ\FUN\XC8P9521-PWM-1.C     R_PWMDTY = 100;
0008 0864      00369         MOV     A,@0x64
0009 3880      00370         MOV     _PDC1,A
               00371 ;       .line   436; C:\USERS\15247\DESKTOP\XJ\FUN\XC8P9521-PWM-1.C     G_PWMDTY = 0;
000A 3980      00372         CLR     _PDC2
               00373 ;       .line   437; C:\USERS\15247\DESKTOP\XJ\FUN\XC8P9521-PWM-1.C     B_PWMDTY = 0;
000B 3980      00374         CLR     _PDC3
               00375 ;       .line   439; C:\USERS\15247\DESKTOP\XJ\FUN\XC8P9521-PWM-1.C     R_PWMDTY = 0;
000C 3980      00376         CLR     _PDC1
000D 1000      00377         JMP     _00366_DS_
000E           00378 _00363_DS_:
               00379 ;       .line   442; C:\USERS\15247\DESKTOP\XJ\FUN\XC8P9521-PWM-1.C     else if( 1 == LIMIT_PORT( ) )
000E 3980      00380         CLR     r0x1015
000F 2180      00381         JBTC    _PORT5bits,3
0010 3280      00382         INC     r0x1015
               00383 ;;104   MOV     A,r0x1015
               00384 ;;102   MOV     r0x1016,A
               00385 ;;103   MOV     A,r0x1016
0011 3000      00386         MOV     A,r0x1015
0012 0E01      00387         XOR     A,@0x01
0013 2503      00388         JBTS    STATUS,2
0014 1000      00389         JMP     _00366_DS_
               00390 ;       .line   446; C:\USERS\15247\DESKTOP\XJ\FUN\XC8P9521-PWM-1.C     if( 0 == led_switch )
0015 0800      00391         MOV     A,@0x00
0016 3C00      00392         OR      A,_led_switch
0017 2503      00393         JBTS    STATUS,2
0018 1000      00394         JMP     _00358_DS_
               00395 ;       .line   449; C:\USERS\15247\DESKTOP\XJ\FUN\XC8P9521-PWM-1.C     R_PWMDTY = 0;
0019 3980      00396         CLR     _PDC1
               00397 ;       .line   450; C:\USERS\15247\DESKTOP\XJ\FUN\XC8P9521-PWM-1.C     G_PWMDTY = 0;
001A 3980      00398         CLR     _PDC2
               00399 ;       .line   451; C:\USERS\15247\DESKTOP\XJ\FUN\XC8P9521-PWM-1.C     B_PWMDTY = 0;
001B 3980      00400         CLR     _PDC3
001C 1000      00401         JMP     _00359_DS_
001D           00402 _00358_DS_:
               00403 ;       .line   453; C:\USERS\15247\DESKTOP\XJ\FUN\XC8P9521-PWM-1.C     else if( 1 == led_switch )
001D 3000      00404         MOV     A,_led_switch
001E 0E01      00405         XOR     A,@0x01
001F 2503      00406         JBTS    STATUS,2
0020 1000      00407         JMP     _00359_DS_
               00408 ;       .line   455; C:\USERS\15247\DESKTOP\XJ\FUN\XC8P9521-PWM-1.C     key_process( );
0021 1800      00409         CALL    _key_process
0022           00410 _00359_DS_:
               00411 ;       .line   458; C:\USERS\15247\DESKTOP\XJ\FUN\XC8P9521-PWM-1.C     shake_process( );
0022 1800      00412         CALL    _shake_process
               00413 ;       .line   460; C:\USERS\15247\DESKTOP\XJ\FUN\XC8P9521-PWM-1.C     beep_process( );
0023 1800      00414         CALL    _beep_process
               00415 ;       .line   462; C:\USERS\15247\DESKTOP\XJ\FUN\XC8P9521-PWM-1.C     output_process( );
0024 1800      00416         CALL    _output_process
               00417 ;       .line   464; C:\USERS\15247\DESKTOP\XJ\FUN\XC8P9521-PWM-1.C     rgb_process( );
0025 1800      00418         CALL    _rgb_process
0026 1000      00419         JMP     _00366_DS_
               00420 ;       .line   467; C:\USERS\15247\DESKTOP\XJ\FUN\XC8P9521-PWM-1.C     }
0027 3822      00421         RET     
               00422 ; exit point of _main
               00423 
               00424 ;***
               00425 ;  pBlock Stats: dbName = C
               00426 ;***
               00427 ;has an exit
               00428 ;functions called:
               00429 ;   __moduint
               00430 ;   __moduint
               00431 ;5 compiler assigned registers:
               00432 ;   STK02
               00433 ;   STK01
               00434 ;   STK00
               00435 ;   r0x1013
               00436 ;   r0x1014
               00437 ;; Starting pCode block
               00438 S_XC8P9521_PWM_1__output_process        code
0000           00439 _output_process:        ;Function start
               00440 ; 2 exit points
               00441 ;       .line   367; C:\USERS\15247\DESKTOP\XJ\FUN\XC8P9521-PWM-1.C     fun_delay++;
0000 3280      00442         INC     _fun_delay
0001 2103      00443         JBTC    STATUS,2
0002 3280      00444         INC     (_fun_delay + 1)
               00445 ;       .line   368; C:\USERS\15247\DESKTOP\XJ\FUN\XC8P9521-PWM-1.C     cold_delay++;
0003 3280      00446         INC     _cold_delay
0004 2103      00447         JBTC    STATUS,2
0005 3280      00448         INC     (_cold_delay + 1)
               00449 ;       .line   369; C:\USERS\15247\DESKTOP\XJ\FUN\XC8P9521-PWM-1.C     switch( mode_switch )
0006 3000      00450         MOV     A,_mode_switch
0007 2503      00451         JBTS    STATUS,2
0008 1000      00452         JMP     _00342_DS_
0009 1000      00453         JMP     _00287_DS_
000A           00454 _00342_DS_:
000A 3000      00455         MOV     A,_mode_switch
000B 0E01      00456         XOR     A,@0x01
000C 2503      00457         JBTS    STATUS,2
000D 1000      00458         JMP     _00343_DS_
000E 1000      00459         JMP     _00298_DS_
000F           00460 _00343_DS_:
000F 1000      00461         JMP     _00310_DS_
0010           00462 _00287_DS_:
               00463 ;       .line   373; C:\USERS\15247\DESKTOP\XJ\FUN\XC8P9521-PWM-1.C     if( fun_delay % 800 == 0)
0010 0820      00464         MOV     A,@0x20
0011 3880      00465         MOV     STK02,A
0012 0803      00466         MOV     A,@0x03
0013 3880      00467         MOV     STK01,A
0014 3000      00468         MOV     A,_fun_delay
0015 3880      00469         MOV     STK00,A
0016 3000      00470         MOV     A,(_fun_delay + 1)
0017 1800      00471         CALL    __moduint
0018 3880      00472         MOV     r0x1013,A
0019 3000      00473         MOV     A,STK00
001A 3880      00474         MOV     r0x1014,A
001B 3000      00475         MOV     A,r0x1014
001C 3C00      00476         OR      A,r0x1013
001D 2503      00477         JBTS    STATUS,2
001E 1000      00478         JMP     _00291_DS_
               00479 ;       .line   375; C:\USERS\15247\DESKTOP\XJ\FUN\XC8P9521-PWM-1.C     FUN_PORT() = 0; 
001F 2B00      00480         BTC     _PORT6bits,6
0020 1000      00481         JMP     _00292_DS_
0021           00482 _00291_DS_:
               00483 ;       .line   377; C:\USERS\15247\DESKTOP\XJ\FUN\XC8P9521-PWM-1.C     else if( fun_delay >= 2000 )
0021 0807      00484         MOV     A,@0x07
0022 3A00      00485         SUB     A,(_fun_delay + 1)
0023 2503      00486         JBTS    STATUS,2
0024 1000      00487         JMP     _00344_DS_
0025 08D0      00488         MOV     A,@0xd0
0026 3A00      00489         SUB     A,_fun_delay
0027           00490 _00344_DS_:
0027 2403      00491         JBTS    STATUS,0
0028 1000      00492         JMP     _00292_DS_
               00493 ;       .line   379; C:\USERS\15247\DESKTOP\XJ\FUN\XC8P9521-PWM-1.C     fun_delay = 0;
0029 3980      00494         CLR     _fun_delay
002A 3980      00495         CLR     (_fun_delay + 1)
               00496 ;       .line   380; C:\USERS\15247\DESKTOP\XJ\FUN\XC8P9521-PWM-1.C     FUN_PORT() = 1; 
002B 2F00      00497         BTS     _PORT6bits,6
               00498 ;;swapping arguments (AOP_TYPEs 1/3)
002C           00499 _00292_DS_:
               00500 ;       .line   383; C:\USERS\15247\DESKTOP\XJ\FUN\XC8P9521-PWM-1.C     if( cold_delay <= 200 )
002C 0800      00501         MOV     A,@0x00
002D 3A00      00502         SUB     A,(_cold_delay + 1)
002E 2503      00503         JBTS    STATUS,2
002F 1000      00504         JMP     _00345_DS_
0030 08C9      00505         MOV     A,@0xc9
0031 3A00      00506         SUB     A,_cold_delay
0032           00507 _00345_DS_:
0032 2003      00508         JBTC    STATUS,0
0033 1000      00509         JMP     _00296_DS_
               00510 ;       .line   385; C:\USERS\15247\DESKTOP\XJ\FUN\XC8P9521-PWM-1.C     COLD_PORT() = 0;        
0034 2B80      00511         BTC     _PORT6bits,7
0035 1000      00512         JMP     _00310_DS_
0036           00513 _00296_DS_:
               00514 ;       .line   387; C:\USERS\15247\DESKTOP\XJ\FUN\XC8P9521-PWM-1.C     else if( cold_delay >= 2000 ) 
0036 0807      00515         MOV     A,@0x07
0037 3A00      00516         SUB     A,(_cold_delay + 1)
0038 2503      00517         JBTS    STATUS,2
0039 1000      00518         JMP     _00346_DS_
003A 08D0      00519         MOV     A,@0xd0
003B 3A00      00520         SUB     A,_cold_delay
003C           00521 _00346_DS_:
003C 2403      00522         JBTS    STATUS,0
003D 1000      00523         JMP     _00310_DS_
               00524 ;       .line   389; C:\USERS\15247\DESKTOP\XJ\FUN\XC8P9521-PWM-1.C     cold_delay = 0;
003E 3980      00525         CLR     _cold_delay
003F 3980      00526         CLR     (_cold_delay + 1)
               00527 ;       .line   390; C:\USERS\15247\DESKTOP\XJ\FUN\XC8P9521-PWM-1.C     COLD_PORT() = 1;        
0040 2F80      00528         BTS     _PORT6bits,7
               00529 ;       .line   392; C:\USERS\15247\DESKTOP\XJ\FUN\XC8P9521-PWM-1.C     break;
0041 1000      00530         JMP     _00310_DS_
               00531 ;;swapping arguments (AOP_TYPEs 1/3)
0042           00532 _00298_DS_:
               00533 ;       .line   396; C:\USERS\15247\DESKTOP\XJ\FUN\XC8P9521-PWM-1.C     if( fun_delay <= 1200 )
0042 0804      00534         MOV     A,@0x04
0043 3A00      00535         SUB     A,(_fun_delay + 1)
0044 2503      00536         JBTS    STATUS,2
0045 1000      00537         JMP     _00347_DS_
0046 08B1      00538         MOV     A,@0xb1
0047 3A00      00539         SUB     A,_fun_delay
0048           00540 _00347_DS_:
0048 2003      00541         JBTC    STATUS,0
0049 1000      00542         JMP     _00302_DS_
               00543 ;       .line   398; C:\USERS\15247\DESKTOP\XJ\FUN\XC8P9521-PWM-1.C     FUN_PORT() = 0; 
004A 2B00      00544         BTC     _PORT6bits,6
004B 1000      00545         JMP     _00303_DS_
004C           00546 _00302_DS_:
               00547 ;       .line   400; C:\USERS\15247\DESKTOP\XJ\FUN\XC8P9521-PWM-1.C     else if( fun_delay >= 1200 )
004C 0804      00548         MOV     A,@0x04
004D 3A00      00549         SUB     A,(_fun_delay + 1)
004E 2503      00550         JBTS    STATUS,2
004F 1000      00551         JMP     _00348_DS_
0050 08B0      00552         MOV     A,@0xb0
0051 3A00      00553         SUB     A,_fun_delay
0052           00554 _00348_DS_:
0052 2403      00555         JBTS    STATUS,0
0053 1000      00556         JMP     _00303_DS_
               00557 ;       .line   402; C:\USERS\15247\DESKTOP\XJ\FUN\XC8P9521-PWM-1.C     fun_delay = 0;
0054 3980      00558         CLR     _fun_delay
0055 3980      00559         CLR     (_fun_delay + 1)
               00560 ;       .line   403; C:\USERS\15247\DESKTOP\XJ\FUN\XC8P9521-PWM-1.C     FUN_PORT() = 1; 
0056 2F00      00561         BTS     _PORT6bits,6
               00562 ;;swapping arguments (AOP_TYPEs 1/3)
0057           00563 _00303_DS_:
               00564 ;       .line   406; C:\USERS\15247\DESKTOP\XJ\FUN\XC8P9521-PWM-1.C     if( cold_delay <= 2000 )
0057 0807      00565         MOV     A,@0x07
0058 3A00      00566         SUB     A,(_cold_delay + 1)
0059 2503      00567         JBTS    STATUS,2
005A 1000      00568         JMP     _00349_DS_
005B 08D1      00569         MOV     A,@0xd1
005C 3A00      00570         SUB     A,_cold_delay
005D           00571 _00349_DS_:
005D 2003      00572         JBTC    STATUS,0
005E 1000      00573         JMP     _00307_DS_
               00574 ;       .line   408; C:\USERS\15247\DESKTOP\XJ\FUN\XC8P9521-PWM-1.C     COLD_PORT() = 1;        
005F 2F80      00575         BTS     _PORT6bits,7
0060 1000      00576         JMP     _00310_DS_
0061           00577 _00307_DS_:
               00578 ;       .line   410; C:\USERS\15247\DESKTOP\XJ\FUN\XC8P9521-PWM-1.C     else if( cold_delay >= 2000 )
0061 0807      00579         MOV     A,@0x07
0062 3A00      00580         SUB     A,(_cold_delay + 1)
0063 2503      00581         JBTS    STATUS,2
0064 1000      00582         JMP     _00350_DS_
0065 08D0      00583         MOV     A,@0xd0
0066 3A00      00584         SUB     A,_cold_delay
0067           00585 _00350_DS_:
0067 2403      00586         JBTS    STATUS,0
0068 1000      00587         JMP     _00310_DS_
               00588 ;       .line   412; C:\USERS\15247\DESKTOP\XJ\FUN\XC8P9521-PWM-1.C     cold_delay = 0;
0069 3980      00589         CLR     _cold_delay
006A 3980      00590         CLR     (_cold_delay + 1)
               00591 ;       .line   413; C:\USERS\15247\DESKTOP\XJ\FUN\XC8P9521-PWM-1.C     COLD_PORT() = 1;        
006B 2F80      00592         BTS     _PORT6bits,7
               00593 ;       .line   417; C:\USERS\15247\DESKTOP\XJ\FUN\XC8P9521-PWM-1.C     }
006C           00594 _00310_DS_:
               00595 ;       .line   416; C:\USERS\15247\DESKTOP\XJ\FUN\XC8P9521-PWM-1.C     }
006C 3822      00596         RET     
               00597 ; exit point of _output_process
               00598 
               00599 ;***
               00600 ;  pBlock Stats: dbName = C
               00601 ;***
               00602 ;has an exit
               00603 ;1 compiler assigned register :
               00604 ;   r0x1013
               00605 ;; Starting pCode block
               00606 S_XC8P9521_PWM_1__rgb_process   code
0000           00607 _rgb_process:   ;Function start
               00608 ; 2 exit points
               00609 ;       .line   285; C:\USERS\15247\DESKTOP\XJ\FUN\XC8P9521-PWM-1.C     if( led_cnt == 20 )
0000 3000      00610         MOV     A,_led_cnt
0001 0E14      00611         XOR     A,@0x14
0002 2503      00612         JBTS    STATUS,2
0003 1000      00613         JMP     _00259_DS_
               00614 ;       .line   287; C:\USERS\15247\DESKTOP\XJ\FUN\XC8P9521-PWM-1.C     led_cnt = 0;
0004 3980      00615         CLR     _led_cnt
               00616 ;       .line   288; C:\USERS\15247\DESKTOP\XJ\FUN\XC8P9521-PWM-1.C     cir_mode = !cir_mode;
0005 3000      00617         MOV     A,_cir_mode
0006 0800      00618         MOV     A,@0x00
0007 2103      00619         JBTC    STATUS,2
0008 0801      00620         MOV     A,@0x01
0009 3880      00621         MOV     _cir_mode,A
000A 3880      00622         MOV     r0x1013,A
               00623 ;;105   MOV     A,r0x1013
000B           00624 _00259_DS_:
               00625 ;       .line   290; C:\USERS\15247\DESKTOP\XJ\FUN\XC8P9521-PWM-1.C     switch( led_switch )
000B 0801      00626         MOV     A,@0x01
000C 3A00      00627         SUB     A,_led_switch
000D 2403      00628         JBTS    STATUS,0
000E 1000      00629         JMP     _00282_DS_
               00630 ;;swapping arguments (AOP_TYPEs 1/3)
000F 0804      00631         MOV     A,@0x04
0010 3A00      00632         SUB     A,_led_switch
0011 2003      00633         JBTC    STATUS,0
0012 1000      00634         JMP     _00282_DS_
0013 3B00      00635         DECA    _led_switch
0014 3880      00636         MOV     r0x1013,A
0015 3000      00637         MOV     A,r0x1013
0016           00638         BANKSEL PCL
0016 3F82      00639         ADD     PCL,A
0017 1000      00640         JMP     _00260_DS_
0018 1000      00641         JMP     _00266_DS_
0019 1000      00642         JMP     _00276_DS_
001A           00643 _00260_DS_:
               00644 ;       .line   294; C:\USERS\15247\DESKTOP\XJ\FUN\XC8P9521-PWM-1.C     if( CIR_FADEIN == cir_mode )
001A 3000      00645         MOV     A,_cir_mode
001B 0E01      00646         XOR     A,@0x01
001C 2503      00647         JBTS    STATUS,2
001D 1000      00648         JMP     _00264_DS_
               00649 ;       .line   296; C:\USERS\15247\DESKTOP\XJ\FUN\XC8P9521-PWM-1.C     color_pwm_duty += 5;
001E 0805      00650         MOV     A,@0x05
001F 3F80      00651         ADD     _color_pwm_duty,A
0020 1000      00652         JMP     _00265_DS_
0021           00653 _00264_DS_:
               00654 ;       .line   298; C:\USERS\15247\DESKTOP\XJ\FUN\XC8P9521-PWM-1.C     else if( CIR_DIEOUT == cir_mode )
0021 0800      00655         MOV     A,@0x00
0022 3C00      00656         OR      A,_cir_mode
0023 2503      00657         JBTS    STATUS,2
0024 1000      00658         JMP     _00265_DS_
               00659 ;       .line   300; C:\USERS\15247\DESKTOP\XJ\FUN\XC8P9521-PWM-1.C     color_pwm_duty -= 5;
0025 08FB      00660         MOV     A,@0xfb
0026 3F80      00661         ADD     _color_pwm_duty,A
0027           00662 _00265_DS_:
               00663 ;       .line   302; C:\USERS\15247\DESKTOP\XJ\FUN\XC8P9521-PWM-1.C     led_cnt++;
0027 3280      00664         INC     _led_cnt
               00665 ;       .line   303; C:\USERS\15247\DESKTOP\XJ\FUN\XC8P9521-PWM-1.C     R_PWMDTY = color_pwm_duty;
0028 3000      00666         MOV     A,_color_pwm_duty
0029 3880      00667         MOV     _PDC1,A
               00668 ;       .line   304; C:\USERS\15247\DESKTOP\XJ\FUN\XC8P9521-PWM-1.C     G_PWMDTY = color_pwm_duty;                      
002A 3000      00669         MOV     A,_color_pwm_duty
002B 3880      00670         MOV     _PDC2,A
               00671 ;       .line   305; C:\USERS\15247\DESKTOP\XJ\FUN\XC8P9521-PWM-1.C     B_PWMDTY = color_pwm_duty;
002C 3000      00672         MOV     A,_color_pwm_duty
002D 3880      00673         MOV     _PDC3,A
               00674 ;       .line   306; C:\USERS\15247\DESKTOP\XJ\FUN\XC8P9521-PWM-1.C     break;
002E 1000      00675         JMP     _00282_DS_
002F           00676 _00266_DS_:
               00677 ;       .line   310; C:\USERS\15247\DESKTOP\XJ\FUN\XC8P9521-PWM-1.C     if( 1 == cir_mode )
002F 3000      00678         MOV     A,_cir_mode
0030 0E01      00679         XOR     A,@0x01
0031 2503      00680         JBTS    STATUS,2
0032 1000      00681         JMP     _00270_DS_
               00682 ;       .line   312; C:\USERS\15247\DESKTOP\XJ\FUN\XC8P9521-PWM-1.C     once_pwm_duty += 5;
0033 0805      00683         MOV     A,@0x05
0034 3F80      00684         ADD     _once_pwm_duty,A
0035 1000      00685         JMP     _00271_DS_
0036           00686 _00270_DS_:
               00687 ;       .line   314; C:\USERS\15247\DESKTOP\XJ\FUN\XC8P9521-PWM-1.C     else if( 0 == cir_mode )
0036 0800      00688         MOV     A,@0x00
0037 3C00      00689         OR      A,_cir_mode
0038 2503      00690         JBTS    STATUS,2
0039 1000      00691         JMP     _00271_DS_
               00692 ;       .line   316; C:\USERS\15247\DESKTOP\XJ\FUN\XC8P9521-PWM-1.C     once_pwm_duty -= 5;
003A 08FB      00693         MOV     A,@0xfb
003B 3F80      00694         ADD     _once_pwm_duty,A
003C           00695 _00271_DS_:
               00696 ;       .line   318; C:\USERS\15247\DESKTOP\XJ\FUN\XC8P9521-PWM-1.C     led_cnt++;
003C 3280      00697         INC     _led_cnt
               00698 ;;swapping arguments (AOP_TYPEs 1/3)
               00699 ;       .line   319; C:\USERS\15247\DESKTOP\XJ\FUN\XC8P9521-PWM-1.C     switch( led_mode )
003D 0803      00700         MOV     A,@0x03
003E 3A00      00701         SUB     A,_led_mode
003F 2003      00702         JBTC    STATUS,0
0040 1000      00703         JMP     _00282_DS_
0041 3000      00704         MOV     A,_led_mode
0042           00705         BANKSEL PCL
0042 3F82      00706         ADD     PCL,A
0043 1000      00707         JMP     _00272_DS_
0044 1000      00708         JMP     _00273_DS_
0045 1000      00709         JMP     _00274_DS_
0046           00710 _00272_DS_:
               00711 ;       .line   322; C:\USERS\15247\DESKTOP\XJ\FUN\XC8P9521-PWM-1.C     R_PWMDTY = once_pwm_duty;
0046 3000      00712         MOV     A,_once_pwm_duty
0047 3880      00713         MOV     _PDC1,A
               00714 ;       .line   323; C:\USERS\15247\DESKTOP\XJ\FUN\XC8P9521-PWM-1.C     G_PWMDTY = 0;
0048 3980      00715         CLR     _PDC2
               00716 ;       .line   324; C:\USERS\15247\DESKTOP\XJ\FUN\XC8P9521-PWM-1.C     B_PWMDTY = 0;
0049 3980      00717         CLR     _PDC3
               00718 ;       .line   325; C:\USERS\15247\DESKTOP\XJ\FUN\XC8P9521-PWM-1.C     break;
004A 1000      00719         JMP     _00282_DS_
004B           00720 _00273_DS_:
               00721 ;       .line   327; C:\USERS\15247\DESKTOP\XJ\FUN\XC8P9521-PWM-1.C     R_PWMDTY = 0;
004B 3980      00722         CLR     _PDC1
               00723 ;       .line   328; C:\USERS\15247\DESKTOP\XJ\FUN\XC8P9521-PWM-1.C     G_PWMDTY = once_pwm_duty;
004C 3000      00724         MOV     A,_once_pwm_duty
004D 3880      00725         MOV     _PDC2,A
               00726 ;       .line   329; C:\USERS\15247\DESKTOP\XJ\FUN\XC8P9521-PWM-1.C     B_PWMDTY = 0;
004E 3980      00727         CLR     _PDC3
               00728 ;       .line   330; C:\USERS\15247\DESKTOP\XJ\FUN\XC8P9521-PWM-1.C     break;
004F 1000      00729         JMP     _00282_DS_
0050           00730 _00274_DS_:
               00731 ;       .line   332; C:\USERS\15247\DESKTOP\XJ\FUN\XC8P9521-PWM-1.C     R_PWMDTY = 0;
0050 3980      00732         CLR     _PDC1
               00733 ;       .line   333; C:\USERS\15247\DESKTOP\XJ\FUN\XC8P9521-PWM-1.C     G_PWMDTY = 0;
0051 3980      00734         CLR     _PDC2
               00735 ;       .line   334; C:\USERS\15247\DESKTOP\XJ\FUN\XC8P9521-PWM-1.C     B_PWMDTY = once_pwm_duty;
0052 3000      00736         MOV     A,_once_pwm_duty
0053 3880      00737         MOV     _PDC3,A
               00738 ;       .line   337; C:\USERS\15247\DESKTOP\XJ\FUN\XC8P9521-PWM-1.C     break;
0054 1000      00739         JMP     _00282_DS_
0055           00740 _00276_DS_:
               00741 ;       .line   340; C:\USERS\15247\DESKTOP\XJ\FUN\XC8P9521-PWM-1.C     R_PWMDTY = 0;
0055 3980      00742         CLR     _PDC1
               00743 ;       .line   341; C:\USERS\15247\DESKTOP\XJ\FUN\XC8P9521-PWM-1.C     G_PWMDTY = 0;                   
0056 3980      00744         CLR     _PDC2
               00745 ;       .line   342; C:\USERS\15247\DESKTOP\XJ\FUN\XC8P9521-PWM-1.C     B_PWMDTY = 0;
0057 3980      00746         CLR     _PDC3
               00747 ;       .line   343; C:\USERS\15247\DESKTOP\XJ\FUN\XC8P9521-PWM-1.C     once_pwm_duty = 100;
0058 0864      00748         MOV     A,@0x64
0059 3880      00749         MOV     _once_pwm_duty,A
               00750 ;;swapping arguments (AOP_TYPEs 1/3)
               00751 ;       .line   344; C:\USERS\15247\DESKTOP\XJ\FUN\XC8P9521-PWM-1.C     switch( led_mode )
005A 0803      00752         MOV     A,@0x03
005B 3A00      00753         SUB     A,_led_mode
005C 2003      00754         JBTC    STATUS,0
005D 1000      00755         JMP     _00282_DS_
005E 3000      00756         MOV     A,_led_mode
005F           00757         BANKSEL PCL
005F 3F82      00758         ADD     PCL,A
0060 1000      00759         JMP     _00277_DS_
0061 1000      00760         JMP     _00278_DS_
0062 1000      00761         JMP     _00279_DS_
0063           00762 _00277_DS_:
               00763 ;       .line   347; C:\USERS\15247\DESKTOP\XJ\FUN\XC8P9521-PWM-1.C     R_PWMDTY = once_pwm_duty;
0063 0864      00764         MOV     A,@0x64
0064 3880      00765         MOV     _PDC1,A
               00766 ;       .line   348; C:\USERS\15247\DESKTOP\XJ\FUN\XC8P9521-PWM-1.C     break;
0065 1000      00767         JMP     _00282_DS_
0066           00768 _00278_DS_:
               00769 ;       .line   350; C:\USERS\15247\DESKTOP\XJ\FUN\XC8P9521-PWM-1.C     G_PWMDTY = once_pwm_duty;
0066 0864      00770         MOV     A,@0x64
0067 3880      00771         MOV     _PDC2,A
               00772 ;       .line   351; C:\USERS\15247\DESKTOP\XJ\FUN\XC8P9521-PWM-1.C     break;
0068 1000      00773         JMP     _00282_DS_
0069           00774 _00279_DS_:
               00775 ;       .line   353; C:\USERS\15247\DESKTOP\XJ\FUN\XC8P9521-PWM-1.C     B_PWMDTY = once_pwm_duty;
0069 0864      00776         MOV     A,@0x64
006A 3880      00777         MOV     _PDC3,A
               00778 ;       .line   358; C:\USERS\15247\DESKTOP\XJ\FUN\XC8P9521-PWM-1.C     }
006B           00779 _00282_DS_:
               00780 ;       .line   357; C:\USERS\15247\DESKTOP\XJ\FUN\XC8P9521-PWM-1.C     }       
006B 3822      00781         RET     
               00782 ; exit point of _rgb_process
               00783 
               00784 ;***
               00785 ;  pBlock Stats: dbName = C
               00786 ;***
               00787 ;has an exit
               00788 ;1 compiler assigned register :
               00789 ;   r0x1013
               00790 ;; Starting pCode block
               00791 S_XC8P9521_PWM_1__key_process   code
0000           00792 _key_process:   ;Function start
               00793 ; 2 exit points
               00794 ;       .line   205; C:\USERS\15247\DESKTOP\XJ\FUN\XC8P9521-PWM-1.C     if( 0 == PWRKY_PORT() )
0000 2100      00795         JBTC    _PORT5bits,2
0001 1000      00796         JMP     _00189_DS_
               00797 ;       .line   207; C:\USERS\15247\DESKTOP\XJ\FUN\XC8P9521-PWM-1.C     pwrkey_delay++;
0002 3280      00798         INC     _pwrkey_delay
0003 2103      00799         JBTC    STATUS,2
0004 3280      00800         INC     (_pwrkey_delay + 1)
0005 1000      00801         JMP     _00190_DS_
0006           00802 _00189_DS_:
               00803 ;       .line   212; C:\USERS\15247\DESKTOP\XJ\FUN\XC8P9521-PWM-1.C     if( pwrkey_delay >= 20 )
0006 0800      00804         MOV     A,@0x00
0007 3A00      00805         SUB     A,(_pwrkey_delay + 1)
0008 2503      00806         JBTS    STATUS,2
0009 1000      00807         JMP     _00243_DS_
000A 0814      00808         MOV     A,@0x14
000B 3A00      00809         SUB     A,_pwrkey_delay
000C           00810 _00243_DS_:
000C 2403      00811         JBTS    STATUS,0
000D 1000      00812         JMP     _00187_DS_
               00813 ;       .line   215; C:\USERS\15247\DESKTOP\XJ\FUN\XC8P9521-PWM-1.C     if( pwrkey_delay < 3000 )
000E 080B      00814         MOV     A,@0x0b
000F 3A00      00815         SUB     A,(_pwrkey_delay + 1)
0010 2503      00816         JBTS    STATUS,2
0011 1000      00817         JMP     _00244_DS_
0012 08B8      00818         MOV     A,@0xb8
0013 3A00      00819         SUB     A,_pwrkey_delay
0014           00820 _00244_DS_:
0014 2003      00821         JBTC    STATUS,0
0015 1000      00822         JMP     _00184_DS_
               00823 ;       .line   217; C:\USERS\15247\DESKTOP\XJ\FUN\XC8P9521-PWM-1.C     switch( mode_switch )
0016 3000      00824         MOV     A,_mode_switch
0017 2503      00825         JBTS    STATUS,2
0018 1000      00826         JMP     _00245_DS_
0019 1000      00827         JMP     _00178_DS_
001A           00828 _00245_DS_:
001A 3000      00829         MOV     A,_mode_switch
001B 0E01      00830         XOR     A,@0x01
001C 2503      00831         JBTS    STATUS,2
001D 1000      00832         JMP     _00246_DS_
001E 1000      00833         JMP     _00179_DS_
001F           00834 _00246_DS_:
001F 1000      00835         JMP     _00187_DS_
0020           00836 _00178_DS_:
               00837 ;       .line   220; C:\USERS\15247\DESKTOP\XJ\FUN\XC8P9521-PWM-1.C     beep_mode = BEEP_ONE;
0020 0801      00838         MOV     A,@0x01
0021 3880      00839         MOV     _beep_mode,A
               00840 ;       .line   221; C:\USERS\15247\DESKTOP\XJ\FUN\XC8P9521-PWM-1.C     beep_delay = 0;
0022 3980      00841         CLR     _beep_delay
0023 3980      00842         CLR     (_beep_delay + 1)
               00843 ;       .line   222; C:\USERS\15247\DESKTOP\XJ\FUN\XC8P9521-PWM-1.C     beep_cnt = 1;
0024 0801      00844         MOV     A,@0x01
0025 3880      00845         MOV     _beep_cnt,A
               00846 ;       .line   223; C:\USERS\15247\DESKTOP\XJ\FUN\XC8P9521-PWM-1.C     mode_switch = TWO_GEARS;
0026 0801      00847         MOV     A,@0x01
0027 3880      00848         MOV     _mode_switch,A
               00849 ;       .line   224; C:\USERS\15247\DESKTOP\XJ\FUN\XC8P9521-PWM-1.C     break; 
0028 1000      00850         JMP     _00187_DS_
0029           00851 _00179_DS_:
               00852 ;       .line   227; C:\USERS\15247\DESKTOP\XJ\FUN\XC8P9521-PWM-1.C     beep_mode = BEEP_TWO; 
0029 0802      00853         MOV     A,@0x02
002A 3880      00854         MOV     _beep_mode,A
               00855 ;       .line   228; C:\USERS\15247\DESKTOP\XJ\FUN\XC8P9521-PWM-1.C     beep_delay = 0;
002B 3980      00856         CLR     _beep_delay
002C 3980      00857         CLR     (_beep_delay + 1)
               00858 ;       .line   229; C:\USERS\15247\DESKTOP\XJ\FUN\XC8P9521-PWM-1.C     beep_cnt = 2;
002D 0802      00859         MOV     A,@0x02
002E 3880      00860         MOV     _beep_cnt,A
               00861 ;       .line   230; C:\USERS\15247\DESKTOP\XJ\FUN\XC8P9521-PWM-1.C     mode_switch = ONE_GEARS;
002F 3980      00862         CLR     _mode_switch
               00863 ;       .line   232; C:\USERS\15247\DESKTOP\XJ\FUN\XC8P9521-PWM-1.C     }
0030 1000      00864         JMP     _00187_DS_
0031           00865 _00184_DS_:
               00866 ;       .line   235; C:\USERS\15247\DESKTOP\XJ\FUN\XC8P9521-PWM-1.C     else if( pwrkey_delay >= 3000 )
0031 080B      00867         MOV     A,@0x0b
0032 3A00      00868         SUB     A,(_pwrkey_delay + 1)
0033 2503      00869         JBTS    STATUS,2
0034 1000      00870         JMP     _00247_DS_
0035 08B8      00871         MOV     A,@0xb8
0036 3A00      00872         SUB     A,_pwrkey_delay
0037           00873 _00247_DS_:
0037 2403      00874         JBTS    STATUS,0
0038 1000      00875         JMP     _00187_DS_
               00876 ;       .line   238; C:\USERS\15247\DESKTOP\XJ\FUN\XC8P9521-PWM-1.C     NOP( );
0039 3800      00877         nop     
003A           00878 _00187_DS_:
               00879 ;       .line   241; C:\USERS\15247\DESKTOP\XJ\FUN\XC8P9521-PWM-1.C     pwrkey_delay = 0;
003A 3980      00880         CLR     _pwrkey_delay
003B 3980      00881         CLR     (_pwrkey_delay + 1)
003C           00882 _00190_DS_:
               00883 ;       .line   245; C:\USERS\15247\DESKTOP\XJ\FUN\XC8P9521-PWM-1.C     if( 0 == LEDKEY_PORT( ) )
003C 2080      00884         JBTC    _PORT5bits,1
003D 1000      00885         JMP     _00203_DS_
               00886 ;       .line   247; C:\USERS\15247\DESKTOP\XJ\FUN\XC8P9521-PWM-1.C     ledkey_delay++;
003E 3280      00887         INC     _ledkey_delay
003F 2103      00888         JBTC    STATUS,2
0040 3280      00889         INC     (_ledkey_delay + 1)
0041 1000      00890         JMP     _00205_DS_
0042           00891 _00203_DS_:
               00892 ;       .line   252; C:\USERS\15247\DESKTOP\XJ\FUN\XC8P9521-PWM-1.C     if( ledkey_delay >= 20 )
0042 0800      00893         MOV     A,@0x00
0043 3A00      00894         SUB     A,(_ledkey_delay + 1)
0044 2503      00895         JBTS    STATUS,2
0045 1000      00896         JMP     _00248_DS_
0046 0814      00897         MOV     A,@0x14
0047 3A00      00898         SUB     A,_ledkey_delay
0048           00899 _00248_DS_:
0048 2403      00900         JBTS    STATUS,0
0049 1000      00901         JMP     _00201_DS_
               00902 ;       .line   255; C:\USERS\15247\DESKTOP\XJ\FUN\XC8P9521-PWM-1.C     if( ledkey_delay < 3000 )
004A 080B      00903         MOV     A,@0x0b
004B 3A00      00904         SUB     A,(_ledkey_delay + 1)
004C 2503      00905         JBTS    STATUS,2
004D 1000      00906         JMP     _00249_DS_
004E 08B8      00907         MOV     A,@0xb8
004F 3A00      00908         SUB     A,_ledkey_delay
0050           00909 _00249_DS_:
0050 2003      00910         JBTC    STATUS,0
0051 1000      00911         JMP     _00198_DS_
               00912 ;       .line   257; C:\USERS\15247\DESKTOP\XJ\FUN\XC8P9521-PWM-1.C     led_switch = 1;
0052 0801      00913         MOV     A,@0x01
0053 3880      00914         MOV     _led_switch,A
               00915 ;       .line   258; C:\USERS\15247\DESKTOP\XJ\FUN\XC8P9521-PWM-1.C     switch( led_mode )
0054 0801      00916         MOV     A,@0x01
0055 3A00      00917         SUB     A,_led_mode
0056 2403      00918         JBTS    STATUS,0
0057 1000      00919         JMP     _00201_DS_
               00920 ;;swapping arguments (AOP_TYPEs 1/3)
0058 0804      00921         MOV     A,@0x04
0059 3A00      00922         SUB     A,_led_mode
005A 2003      00923         JBTC    STATUS,0
005B 1000      00924         JMP     _00201_DS_
005C 3B00      00925         DECA    _led_mode
005D 3880      00926         MOV     r0x1013,A
005E 3000      00927         MOV     A,r0x1013
005F           00928         BANKSEL PCL
005F 3F82      00929         ADD     PCL,A
0060 1000      00930         JMP     _00191_DS_
0061 1000      00931         JMP     _00192_DS_
0062 1000      00932         JMP     _00193_DS_
0063           00933 _00191_DS_:
               00934 ;       .line   261; C:\USERS\15247\DESKTOP\XJ\FUN\XC8P9521-PWM-1.C     led_mode = RGB_ONE_CIR;
0063 0802      00935         MOV     A,@0x02
0064 3880      00936         MOV     _led_mode,A
               00937 ;       .line   262; C:\USERS\15247\DESKTOP\XJ\FUN\XC8P9521-PWM-1.C     break;
0065 1000      00938         JMP     _00201_DS_
0066           00939 _00192_DS_:
               00940 ;       .line   264; C:\USERS\15247\DESKTOP\XJ\FUN\XC8P9521-PWM-1.C     led_mode = RGB_ONE_ONCE;
0066 0803      00941         MOV     A,@0x03
0067 3880      00942         MOV     _led_mode,A
               00943 ;       .line   265; C:\USERS\15247\DESKTOP\XJ\FUN\XC8P9521-PWM-1.C     break;
0068 1000      00944         JMP     _00201_DS_
0069           00945 _00193_DS_:
               00946 ;       .line   267; C:\USERS\15247\DESKTOP\XJ\FUN\XC8P9521-PWM-1.C     led_mode = RGB_COLOR_CIR;
0069 0801      00947         MOV     A,@0x01
006A 3880      00948         MOV     _led_mode,A
               00949 ;       .line   269; C:\USERS\15247\DESKTOP\XJ\FUN\XC8P9521-PWM-1.C     }
006B 1000      00950         JMP     _00201_DS_
006C           00951 _00198_DS_:
               00952 ;       .line   272; C:\USERS\15247\DESKTOP\XJ\FUN\XC8P9521-PWM-1.C     else if( ledkey_delay >= 3000 )
006C 080B      00953         MOV     A,@0x0b
006D 3A00      00954         SUB     A,(_ledkey_delay + 1)
006E 2503      00955         JBTS    STATUS,2
006F 1000      00956         JMP     _00253_DS_
0070 08B8      00957         MOV     A,@0xb8
0071 3A00      00958         SUB     A,_ledkey_delay
0072           00959 _00253_DS_:
0072 2403      00960         JBTS    STATUS,0
0073 1000      00961         JMP     _00201_DS_
               00962 ;       .line   274; C:\USERS\15247\DESKTOP\XJ\FUN\XC8P9521-PWM-1.C     led_mode = RGB_ONE_NONE;
0074 3980      00963         CLR     _led_mode
0075           00964 _00201_DS_:
               00965 ;       .line   277; C:\USERS\15247\DESKTOP\XJ\FUN\XC8P9521-PWM-1.C     ledkey_delay = 0;
0075 3980      00966         CLR     _ledkey_delay
0076 3980      00967         CLR     (_ledkey_delay + 1)
               00968 ;       .line   279; C:\USERS\15247\DESKTOP\XJ\FUN\XC8P9521-PWM-1.C     }
0077           00969 _00205_DS_:
0077 3822      00970         RET     
               00971 ; exit point of _key_process
               00972 
               00973 ;***
               00974 ;  pBlock Stats: dbName = C
               00975 ;***
               00976 ;has an exit
               00977 ;2 compiler assigned registers:
               00978 ;   r0x1013
               00979 ;   r0x1014
               00980 ;; Starting pCode block
               00981 S_XC8P9521_PWM_1__shake_process code
0000           00982 _shake_process: ;Function start
               00983 ; 2 exit points
               00984 ;       .line   196; C:\USERS\15247\DESKTOP\XJ\FUN\XC8P9521-PWM-1.C     if( 1 ==  SHAKE_PORT( ) )
0000 3980      00985         CLR     r0x1013
0001 2000      00986         JBTC    _PORT5bits,0
0002 3280      00987         INC     r0x1013
               00988 ;;101   MOV     A,r0x1013
               00989 ;;99    MOV     r0x1014,A
               00990 ;;100   MOV     A,r0x1014
0003 3000      00991         MOV     A,r0x1013
0004 0E01      00992         XOR     A,@0x01
0005 2503      00993         JBTS    STATUS,2
0006 1000      00994         JMP     _00173_DS_
               00995 ;       .line   198; C:\USERS\15247\DESKTOP\XJ\FUN\XC8P9521-PWM-1.C     led_switch = !led_switch;
0007 3000      00996         MOV     A,_led_switch
0008 0800      00997         MOV     A,@0x00
0009 2103      00998         JBTC    STATUS,2
000A 0801      00999         MOV     A,@0x01
000B 3880      01000         MOV     r0x1013,A
000C 3000      01001         MOV     A,r0x1013
000D 3880      01002         MOV     _led_switch,A
               01003 ;       .line   200; C:\USERS\15247\DESKTOP\XJ\FUN\XC8P9521-PWM-1.C     }
000E           01004 _00173_DS_:
000E 3822      01005         RET     
               01006 ; exit point of _shake_process
               01007 
               01008 ;***
               01009 ;  pBlock Stats: dbName = C
               01010 ;***
               01011 ;has an exit
               01012 ;2 compiler assigned registers:
               01013 ;   r0x1013
               01014 ;   r0x1014
               01015 ;; Starting pCode block
               01016 S_XC8P9521_PWM_1__beep_process  code
0000           01017 _beep_process:  ;Function start
               01018 ; 2 exit points
               01019 ;;swapping arguments (AOP_TYPEs 1/3)
               01020 ;       .line   158; C:\USERS\15247\DESKTOP\XJ\FUN\XC8P9521-PWM-1.C     switch( beep_mode )
0000 0803      01021         MOV     A,@0x03
0001 3A00      01022         SUB     A,_beep_mode
0002 2003      01023         JBTC    STATUS,0
0003 1000      01024         JMP     _00143_DS_
0004 3000      01025         MOV     A,_beep_mode
0005           01026         BANKSEL PCL
0005 3F82      01027         ADD     PCL,A
0006 1000      01028         JMP     _00128_DS_
0007 1000      01029         JMP     _00129_DS_
0008 1000      01030         JMP     _00134_DS_
0009           01031 _00128_DS_:
               01032 ;       .line   161; C:\USERS\15247\DESKTOP\XJ\FUN\XC8P9521-PWM-1.C     BEEP_PORT( ) = 0;
0009 2A80      01033         BTC     _PORT6bits,5
               01034 ;       .line   162; C:\USERS\15247\DESKTOP\XJ\FUN\XC8P9521-PWM-1.C     break;  
000A 1000      01035         JMP     _00143_DS_
000B           01036 _00129_DS_:
               01037 ;       .line   164; C:\USERS\15247\DESKTOP\XJ\FUN\XC8P9521-PWM-1.C     BEEP_PORT( ) = 1;
000B 2E80      01038         BTS     _PORT6bits,5
               01039 ;       .line   165; C:\USERS\15247\DESKTOP\XJ\FUN\XC8P9521-PWM-1.C     beep_cnt--;
000C 3B80      01040         DEC     _beep_cnt
               01041 ;       .line   166; C:\USERS\15247\DESKTOP\XJ\FUN\XC8P9521-PWM-1.C     if( beep_delay++ >= 2000 )
000D 3000      01042         MOV     A,_beep_delay
000E 3880      01043         MOV     r0x1013,A
000F 3000      01044         MOV     A,(_beep_delay + 1)
0010 3880      01045         MOV     r0x1014,A
0011 3280      01046         INC     _beep_delay
0012 2103      01047         JBTC    STATUS,2
0013 3280      01048         INC     (_beep_delay + 1)
0014 0807      01049         MOV     A,@0x07
0015 3A00      01050         SUB     A,r0x1014
0016 2503      01051         JBTS    STATUS,2
0017 1000      01052         JMP     _00165_DS_
0018 08D0      01053         MOV     A,@0xd0
0019 3A00      01054         SUB     A,r0x1013
001A           01055 _00165_DS_:
001A 2403      01056         JBTS    STATUS,0
001B 1000      01057         JMP     _00143_DS_
               01058 ;       .line   168; C:\USERS\15247\DESKTOP\XJ\FUN\XC8P9521-PWM-1.C     if( beep_cnt == 0 )
001C 0800      01059         MOV     A,@0x00
001D 3C00      01060         OR      A,_beep_cnt
001E 2503      01061         JBTS    STATUS,2
001F 1000      01062         JMP     _00143_DS_
               01063 ;       .line   170; C:\USERS\15247\DESKTOP\XJ\FUN\XC8P9521-PWM-1.C     beep_mode = BEEP_NONE;
0020 3980      01064         CLR     _beep_mode
               01065 ;       .line   171; C:\USERS\15247\DESKTOP\XJ\FUN\XC8P9521-PWM-1.C     beep_delay = 0;
0021 3980      01066         CLR     _beep_delay
0022 3980      01067         CLR     (_beep_delay + 1)
               01068 ;       .line   174; C:\USERS\15247\DESKTOP\XJ\FUN\XC8P9521-PWM-1.C     break;  
0023 1000      01069         JMP     _00143_DS_
0024           01070 _00134_DS_:
               01071 ;       .line   176; C:\USERS\15247\DESKTOP\XJ\FUN\XC8P9521-PWM-1.C     BEEP_PORT( ) = 1;
0024 2E80      01072         BTS     _PORT6bits,5
               01073 ;       .line   177; C:\USERS\15247\DESKTOP\XJ\FUN\XC8P9521-PWM-1.C     if( beep_delay++ >= 20)
0025 3000      01074         MOV     A,_beep_delay
0026 3880      01075         MOV     r0x1013,A
0027 3000      01076         MOV     A,(_beep_delay + 1)
0028 3880      01077         MOV     r0x1014,A
0029 3280      01078         INC     _beep_delay
002A 2103      01079         JBTC    STATUS,2
002B 3280      01080         INC     (_beep_delay + 1)
002C 0800      01081         MOV     A,@0x00
002D 3A00      01082         SUB     A,r0x1014
002E 2503      01083         JBTS    STATUS,2
002F 1000      01084         JMP     _00166_DS_
0030 0814      01085         MOV     A,@0x14
0031 3A00      01086         SUB     A,r0x1013
0032           01087 _00166_DS_:
0032 2403      01088         JBTS    STATUS,0
0033 1000      01089         JMP     _00143_DS_
               01090 ;       .line   179; C:\USERS\15247\DESKTOP\XJ\FUN\XC8P9521-PWM-1.C     beep_cnt--;
0034 3B80      01091         DEC     _beep_cnt
               01092 ;       .line   180; C:\USERS\15247\DESKTOP\XJ\FUN\XC8P9521-PWM-1.C     if( beep_cnt == 0 )
0035 0800      01093         MOV     A,@0x00
0036 3C00      01094         OR      A,_beep_cnt
0037 2503      01095         JBTS    STATUS,2
0038 1000      01096         JMP     _00138_DS_
               01097 ;       .line   182; C:\USERS\15247\DESKTOP\XJ\FUN\XC8P9521-PWM-1.C     beep_delay = 0;
0039 3980      01098         CLR     _beep_delay
003A 3980      01099         CLR     (_beep_delay + 1)
               01100 ;       .line   183; C:\USERS\15247\DESKTOP\XJ\FUN\XC8P9521-PWM-1.C     beep_mode = BEEP_NONE;
003B 3980      01101         CLR     _beep_mode
003C 1000      01102         JMP     _00143_DS_
003D           01103 _00138_DS_:
               01104 ;       .line   185; C:\USERS\15247\DESKTOP\XJ\FUN\XC8P9521-PWM-1.C     else if( beep_cnt == 1 )
003D 3000      01105         MOV     A,_beep_cnt
003E 0E01      01106         XOR     A,@0x01
003F 2503      01107         JBTS    STATUS,2
0040 1000      01108         JMP     _00143_DS_
               01109 ;       .line   187; C:\USERS\15247\DESKTOP\XJ\FUN\XC8P9521-PWM-1.C     beep_delay = 0;
0041 3980      01110         CLR     _beep_delay
0042 3980      01111         CLR     (_beep_delay + 1)
               01112 ;       .line   188; C:\USERS\15247\DESKTOP\XJ\FUN\XC8P9521-PWM-1.C     BEEP_PORT( ) = 0;
0043 2A80      01113         BTC     _PORT6bits,5
               01114 ;       .line   193; C:\USERS\15247\DESKTOP\XJ\FUN\XC8P9521-PWM-1.C     }
0044           01115 _00143_DS_:
               01116 ;       .line   192; C:\USERS\15247\DESKTOP\XJ\FUN\XC8P9521-PWM-1.C     }
0044 3822      01117         RET     
               01118 ; exit point of _beep_process
               01119 
               01120 ;***
               01121 ;  pBlock Stats: dbName = C
               01122 ;***
               01123 ;has an exit
               01124 ;; Starting pCode block
               01125 S_XC8P9521_PWM_1__file_project_init     code
0000           01126 _file_project_init:     ;Function start
               01127 ; 2 exit points
               01128 ;       .line   129; C:\USERS\15247\DESKTOP\XJ\FUN\XC8P9521-PWM-1.C     IOCP_W(IMR,0x09);               //TCC+PWM周期中断,根据需要调用  
0000 0809      01129         mov     a,@0x09
0001 380F      01130         iw      IMR
               01131 ;       .line   130; C:\USERS\15247\DESKTOP\XJ\FUN\XC8P9521-PWM-1.C     PWMCON = 0xf8;                  //使能3路pwm输出，pwm=1/8*2(分频)*4clock*100=100us
0002 08F8      01132         MOV     A,@0xf8
0003 3880      01133         MOV     _PWMCON,A
               01134 ;       .line   131; C:\USERS\15247\DESKTOP\XJ\FUN\XC8P9521-PWM-1.C     PRD = 100;                              //PWM周期寄存器
0004 0864      01135         MOV     A,@0x64
0005 3880      01136         MOV     _PRD,A
               01137 ;       .line   132; C:\USERS\15247\DESKTOP\XJ\FUN\XC8P9521-PWM-1.C     }
0006 3822      01138         RET     
               01139 ; exit point of _file_project_init
               01140 
               01141 ;***
               01142 ;  pBlock Stats: dbName = C
               01143 ;***
               01144 ;has an exit
               01145 ;; Starting pCode block
               01146 S_XC8P9521_PWM_1__file_init     code
0000           01147 _file_init:     ;Function start
               01148 ; 2 exit points
               01149 ;       .line   108; C:\USERS\15247\DESKTOP\XJ\FUN\XC8P9521-PWM-1.C     CONTW(0x02);                    //TCC 8分频
0000 0802      01150         mov     a,@0x02
0001 3802      01151         ctw
               01152 ;       .line   109; C:\USERS\15247\DESKTOP\XJ\FUN\XC8P9521-PWM-1.C     TCC = 6;                                //1/2 * 8 * (256-6) = 1000us    公式：1/IRC频率 * 预分频 * （256-初值）
0002 0806      01153         MOV     A,@0x06
0003 3880      01154         MOV     _TCC,A
               01155 ;       .line   110; C:\USERS\15247\DESKTOP\XJ\FUN\XC8P9521-PWM-1.C     PORT5 = 0;                              //
0004 3980      01156         CLR     _PORT5
               01157 ;       .line   111; C:\USERS\15247\DESKTOP\XJ\FUN\XC8P9521-PWM-1.C     PORT6 = 0;                              //
0005 3980      01158         CLR     _PORT6
               01159 ;       .line   112; C:\USERS\15247\DESKTOP\XJ\FUN\XC8P9521-PWM-1.C     IOCP_W(P5CR,0x0F);              // 50 51 52 53 均为输入
0006 080F      01160         mov     a,@0x0F
0007 3805      01161         iw      P5CR
               01162 ;       .line   113; C:\USERS\15247\DESKTOP\XJ\FUN\XC8P9521-PWM-1.C     IOCP_W(P6CR,0x00);              // 65 66 67 输出
0008 0800      01163         mov     a,@0x00
0009 3806      01164         iw      P6CR
               01165 ;       .line   114; C:\USERS\15247\DESKTOP\XJ\FUN\XC8P9521-PWM-1.C     IOCP_W(PHDCR,0xff);             //端口上下拉控制寄存器，bit7-bit4对应P67-P64下拉;bit3-bit0对应P53-P50上拉 
000A 08FF      01166         mov     a,@0xff
000B 3809      01167         iw      PHDCR
               01168 ;       .line   115; C:\USERS\15247\DESKTOP\XJ\FUN\XC8P9521-PWM-1.C     IOCP_W(PDCR,0xff);              //端口下拉控制寄存器，  bit6-bit4对应P62-P60,bit3-bit0对应P53-P50
000C 08FF      01169         mov     a,@0xff
000D 380B      01170         iw      PDCR
               01171 ;       .line   116; C:\USERS\15247\DESKTOP\XJ\FUN\XC8P9521-PWM-1.C     IOCP_W(PHCR,0xff);              //P6端口上拉控制寄存器  bit7-bit0对应P67-P60
000E 08FF      01172         mov     a,@0xff
000F 380D      01173         iw      PHCR
               01174 ;       .line   117; C:\USERS\15247\DESKTOP\XJ\FUN\XC8P9521-PWM-1.C     IOCP_W(WDTCR,0x00);             //WDT 使能控制寄存器    IOCP_W(IMR,0x01);               //中断使能控制寄存器 
0010 0800      01175         mov     a,@0x00
0011 380E      01176         iw      WDTCR
               01177 ;       .line   118; C:\USERS\15247\DESKTOP\XJ\FUN\XC8P9521-PWM-1.C     ISR = 0x0;                              //清TC0中断标志位 
0012 3980      01178         CLR     _ISR
               01179 ;       .line   119; C:\USERS\15247\DESKTOP\XJ\FUN\XC8P9521-PWM-1.C     }
0013 3822      01180         RET     
               01181 ; exit point of _file_init
               01182 
               01183 ;***
               01184 ;  pBlock Stats: dbName = C
               01185 ;***
               01186 ;has an exit
               01187 ;; Starting pCode block
               01188 S_XC8P9521_PWM_1__file_clrRam   code
0000           01189 _file_clrRam:   ;Function start
               01190 ; 2 exit points
               01191 ;       .line   98; C:\USERS\15247\DESKTOP\XJ\FUN\XC8P9521-PWM-1.C      for(RSR=0xD0;RSR<0xFF;RSR++)    //清零 BANK0 RAM  IAR-R0,RSR-R4
0000 08D0      01192         MOV     A,@0xd0
0001 3880      01193         MOV     _RSR,A
0002           01194 _00107_DS_:
0002 08FF      01195         MOV     A,@0xff
0003 3A00      01196         SUB     A,_RSR
0004 2003      01197         JBTC    STATUS,0
0005 1000      01198         JMP     _00105_DS_
               01199 ;       .line   100; C:\USERS\15247\DESKTOP\XJ\FUN\XC8P9521-PWM-1.C     {IAR = 0;}
0006 3980      01200         CLR     _IAR
               01201 ;       .line   98; C:\USERS\15247\DESKTOP\XJ\FUN\XC8P9521-PWM-1.C      for(RSR=0xD0;RSR<0xFF;RSR++)    //清零 BANK0 RAM  IAR-R0,RSR-R4
0007 3280      01202         INC     _RSR
0008 1000      01203         JMP     _00107_DS_
0009           01204 _00105_DS_:
               01205 ;       .line   101; C:\USERS\15247\DESKTOP\XJ\FUN\XC8P9521-PWM-1.C     IAR = 0;
0009 3980      01206         CLR     _IAR
               01207 ;       .line   102; C:\USERS\15247\DESKTOP\XJ\FUN\XC8P9521-PWM-1.C     }
000A 3822      01208         RET     
               01209 ; exit point of _file_clrRam
               01210 
               01211 
               01212 ;       code size estimation:
               01213 ;         492+    5 =   497 instructions ( 1004 byte)
               01214 


SYMBOL TABLE
  LABEL                             VALUE 

CONT                              00000002
CPUCON                            0000000E
END_OF_INTERRUPT                  00000019
IAR                               00000000
ICIECR                            0000000D
IMR                               0000000F
ISR                               0000000F
LVDCON                            00000007
P5CR                              00000005
P6CR                              00000006
PCL                               00000002
PDC1                              0000000A
PDC2                              0000000B
PDC3                              0000000C
PDCR                              0000000B
PHCR                              0000000D
PHDCR                             00000009
PORT5                             00000005
PORT6                             00000006
PRD                               00000009
PWMCON                            00000008
RSR                               00000004
STATUS                            00000003
STK00                             00000026
STK01                             00000025
STK02                             00000024
STK03                             00000023
STK04                             00000022
STK05                             00000021
STK06                             00000020
TCC                               00000001
WDTCR                             0000000E
_00105_DS_                        00000009
_00107_DS_                        00000002
_00121_DS_                        00000012
_00123_DS_                        00000016
_00128_DS_                        00000009
_00129_DS_                        0000000B
_00134_DS_                        00000024
_00138_DS_                        0000003D
_00143_DS_                        00000044
_00165_DS_                        0000001A
_00166_DS_                        00000032
_00173_DS_                        0000000E
_00178_DS_                        00000020
_00179_DS_                        00000029
_00184_DS_                        00000031
_00187_DS_                        0000003A
_00189_DS_                        00000006
_00190_DS_                        0000003C
_00191_DS_                        00000063
_00192_DS_                        00000066
_00193_DS_                        00000069
_00198_DS_                        0000006C
_00201_DS_                        00000075
_00203_DS_                        00000042
_00205_DS_                        00000077
_00243_DS_                        0000000C
_00244_DS_                        00000014
_00245_DS_                        0000001A
_00246_DS_                        0000001F
_00247_DS_                        00000037
_00248_DS_                        00000048
_00249_DS_                        00000050
_00253_DS_                        00000072
_00259_DS_                        0000000B
_00260_DS_                        0000001A
_00264_DS_                        00000021
_00265_DS_                        00000027
_00266_DS_                        0000002F
_00270_DS_                        00000036
_00271_DS_                        0000003C
_00272_DS_                        00000046
_00273_DS_                        0000004B
_00274_DS_                        00000050
_00276_DS_                        00000055
_00277_DS_                        00000063
_00278_DS_                        00000066
_00279_DS_                        00000069
_00282_DS_                        0000006B
_00287_DS_                        00000010
_00291_DS_                        00000021
_00292_DS_                        0000002C
_00296_DS_                        00000036
_00298_DS_                        00000042
_00302_DS_                        0000004C
_00303_DS_                        00000057
_00307_DS_                        00000061
_00310_DS_                        0000006C
_00342_DS_                        0000000A
_00343_DS_                        0000000F
_00344_DS_                        00000027
_00345_DS_                        00000032
_00346_DS_                        0000003C
_00347_DS_                        00000048
_00348_DS_                        00000052
_00349_DS_                        0000005D
_00350_DS_                        00000067
_00358_DS_                        0000001D
_00359_DS_                        00000022
_00363_DS_                        0000000E
_00366_DS_                        00000004
_A_BUFF                           00000010
_CPUCON                           00000000
_CPUCONbits                       00000000
_IAR                              00000000
_IARbits                          00000000
_ICIECR                           00000000
_ICIECRbits                       00000000
_ISR                              00000000
_ISRbits                          00000000
_LVDCON                           00000000
_LVDCONbits                       00000000
_PCL                              00000000
_PCLbits                          00000000
_PDC1                             00000000
_PDC1bits                         00000000
_PDC2                             00000000
_PDC2bits                         00000000
_PDC3                             00000000
_PDC3bits                         00000000
_PORT5                            00000000
_PORT5bits                        00000000
_PORT6                            00000000
_PORT6bits                        00000000
_PRD                              00000000
_PRDbits                          00000000
_PWMCON                           00000000
_PWMCONbits                       00000000
_R3_BUFF                          00000011
_RSR                              00000000
_RSRbits                          00000000
_STATUS                           00000000
_STATUSbits                       00000000
_TCC                              00000000
_TCCbits                          00000000
__moduint                         00000000
__sdcc_interrupt                  00000003
__xc8p9521                        00000001
_beep_cnt                         00000000
_beep_delay                       00000000
_beep_mode                        00000000
_beep_process                     00000000
_cir_mode                         00000000
_cold_delay                       00000000
_color_pwm_duty                   00000000
_delayMs                          00000000
_delayUs                          00000000
_file_clrRam                      00000000
_file_init                        00000000
_file_project_init                00000000
_fun_delay                        00000000
_int_isr                          00000003
_key_process                      00000000
_led_cnt                          00000000
_led_mode                         00000000
_led_switch                       00000000
_ledkey_delay                     00000000
_main                             00000000
_mode_switch                      00000000
_once_pwm_duty                    00000000
_output_process                   00000000
_pwrkey_delay                     00000000
_rgb_process                      00000000
_shake_flag                       00000000
_shake_process                    00000000
r0x1013                           00000000
r0x1014                           00000001
r0x1015                           00000002


Errors   :       0
Warnings :       0 reported,       0 suppressed
Messages :       0 reported,       0 suppressed

